<?xml version="1.0" encoding="UTF-8"?>
<!-- Generated by org.testng.reporters.JUnitReportReporter -->
<testsuite skipped="0" hostname="DESKTOP-MGRVIA5" name="com.training.sanity.tests.RETC_007" tests="1" failures="0" timestamp="2020-08-20T16:20:00 EDT" time="30.908" errors="0">
  <testcase name="validLaunch" time="30.908" classname="com.training.sanity.tests.RETC_007"/>
  <system-out/>
</testsuite> <!-- com.training.sanity.tests.RETC_007 -->
