<?xml version="1.0" encoding="UTF-8"?>
<!-- Generated by org.testng.reporters.JUnitReportReporter -->
<testsuite skipped="0" hostname="DESKTOP-MGRVIA5" name="com.training.sanity.tests.RETC_009" tests="1" failures="0" timestamp="2020-08-23T23:08:20 EDT" time="27.941" errors="0">
  <testcase name="validLaunch" time="27.941" classname="com.training.sanity.tests.RETC_009"/>
  <system-out/>
</testsuite> <!-- com.training.sanity.tests.RETC_009 -->
